<?xml version="1.0" encoding="UTF-8"?>
<testsuite name="com.techtrip.examples.techtrip.dbparams.model.ParameterTypeArrayBuilderTest" tests="3" skipped="0" failures="0" errors="0" timestamp="2020-04-15T00:00:08" hostname="Trips-MacBook-Pro.local" time="0.076">
  <properties/>
  <testcase name="parameterTypeArrayBuilderMaintainsOrderAndTypeMappings()" classname="com.techtrip.examples.techtrip.dbparams.model.ParameterTypeArrayBuilderTest" time="0.066"/>
  <testcase name="parameterTypeMapperFunctionsMutateValuesForFunctionalInterface()" classname="com.techtrip.examples.techtrip.dbparams.model.ParameterTypeArrayBuilderTest" time="0.005"/>
  <testcase name="parameterTypeMapperFunctionsCalculatesAResultForInsert()" classname="com.techtrip.examples.techtrip.dbparams.model.ParameterTypeArrayBuilderTest" time="0.004"/>
  <system-out><![CDATA[]]></system-out>
  <system-err><![CDATA[]]></system-err>
</testsuite>
